2019-12-02 13:55:39 子进程开始循环PID=437444
2019-12-02 13:55:39 找不到用户APP:5
2019-12-02 13:55:44 找不到用户APP:5
2019-12-02 14:09:17 子进程开始循环PID=396120
2019-12-02 14:09:17 找不到用户APP:App\Ax
2019-12-02 14:09:22 找不到用户APP:App\Ax
2019-12-02 14:55:14 ┌───────────────────────────── LineQue ─────────────────────────────┐
2019-12-02 14:55:14 ├───────────────────────────────────────────── LineQueVersion:1.0.0 ┤
2019-12-02 14:55:14 │感谢您选择LineQue                                                  │
2019-12-02 14:55:14 │LineQue是一款基于PHP的简单队列程序                                 │
2019-12-02 14:55:14 │本程序参考了很多PHP_RESQUE思想                                     │
2019-12-02 14:55:14 │需要更多帮助,请访问https://github.com/kk1987n/LineQue.git                 │
2019-12-02 14:55:14 │─进程信息──────────────────────────────────────────────────────────│
2019-12-02 14:55:14 │─运行参数──────────────────────────────────────────────────────────│
2019-12-02 14:55:14 │Queue:,                                                            │
2019-12-02 14:55:14 │Interval:5s                                                        │
2019-12-02 14:55:14 │LogPath:F:\wsp\line\linworker\src/LineQue.log                      │
2019-12-02 14:55:14 │─配置────────────────────────────────────────────────────────│
2019-12-02 14:55:14 ├──────────────────────────────────────────────── PHPVersion:7.3.4 ┤
2019-12-02 14:55:14 └───────────────────────────────────────────────────────────────────┘
2019-12-02 14:55:14 子进程开始循环PID=1012580
2019-12-02 14:55:14 找不到用户APP:App\Ax
2019-12-02 14:55:19 找不到用户APP:App\Ax
2019-12-02 14:55:23 ┌───────────────────────────── LineQue ─────────────────────────────┐
2019-12-02 14:55:23 ├───────────────────────────────────────────── LineQueVersion:1.0.0 ┤
2019-12-02 14:55:23 │感谢您选择LineQue                                                  │
2019-12-02 14:55:23 │LineQue是一款基于PHP的简单队列程序                                 │
2019-12-02 14:55:23 │本程序参考了很多PHP_RESQUE思想                                     │
2019-12-02 14:55:23 │需要更多帮助,请访问https://github.com/kk1987n/LineQue.git                 │
2019-12-02 14:55:23 │─进程信息──────────────────────────────────────────────────────────│
2019-12-02 14:55:23 │─运行参数──────────────────────────────────────────────────────────│
2019-12-02 14:55:23 │Queue:App\Ax,App\Az                                                │
2019-12-02 14:55:23 │Interval:5s                                                        │
2019-12-02 14:55:23 │LogPath:F:\wsp\line\linworker\src/LineQue.log                      │
2019-12-02 14:55:23 │─配置────────────────────────────────────────────────────────│
2019-12-02 14:55:23 ├──────────────────────────────────────────────── PHPVersion:7.3.4 ┤
2019-12-02 14:55:23 └───────────────────────────────────────────────────────────────────┘
2019-12-02 14:55:23 子进程开始循环PID=998484
2019-12-02 14:55:23 找不到用户APP:App\Ax
2019-12-02 14:55:28 找不到用户APP:App\Ax
2019-12-02 14:56:12 ┌───────────────────────────── LineQue ─────────────────────────────┐
2019-12-02 14:56:12 ├───────────────────────────────────────────── LineQueVersion:1.0.0 ┤
2019-12-02 14:56:12 │感谢您选择LineWorker                                                  │
2019-12-02 14:56:12 │LineWorker是一款基于PHP的简单守护进程程序                                 │
2019-12-02 14:56:12 │需要更多帮助,请访问https://ax720.com                 │
2019-12-02 14:56:12 │─进程信息──────────────────────────────────────────────────────────│
2019-12-02 14:56:12 │─运行参数──────────────────────────────────────────────────────────│
2019-12-02 14:56:12 │Queue:App\Ax,App\Az                                                │
2019-12-02 14:56:12 │Interval:5s                                                        │
2019-12-02 14:56:12 │LogPath:F:\wsp\line\linworker\src/LineQue.log                      │
2019-12-02 14:56:12 │─配置────────────────────────────────────────────────────────│
2019-12-02 14:56:12 ├──────────────────────────────────────────────── PHPVersion:7.3.4 ┤
2019-12-02 14:56:12 └───────────────────────────────────────────────────────────────────┘
2019-12-02 14:56:12 子进程开始循环PID=1015184
2019-12-02 14:56:12 找不到用户APP:App\Ax
2019-12-02 14:56:17 找不到用户APP:App\Ax
2019-12-02 14:56:22 找不到用户APP:App\Ax
2019-12-02 14:56:27 找不到用户APP:App\Ax
2019-12-02 14:56:47 ┌───────────────────────────── LineQue ─────────────────────────────┐
2019-12-02 14:56:47 ├───────────────────────────────────────────── LineQueVersion:1.0.0 ┤
2019-12-02 14:56:47 │感谢您选择LineWorker                                                  │
2019-12-02 14:56:47 │LineWorker是一款基于PHP的简单守护进程程序                                 │
2019-12-02 14:56:47 │需要更多帮助,请访问https://ax720.com                 │
2019-12-02 14:56:47 │─进程信息──────────────────────────────────────────────────────────│
2019-12-02 14:56:47 │─运行参数──────────────────────────────────────────────────────────│
2019-12-02 14:56:47 │Worker:Yjtec\Linworker\App\Ax,Yjtec\Linworker\App\Az               │
2019-12-02 14:56:47 │Interval:5s                                                        │
2019-12-02 14:56:47 │LogPath:F:\wsp\line\linworker\src/LineQue.log                      │
2019-12-02 14:56:47 │─配置────────────────────────────────────────────────────────│
2019-12-02 14:56:47 ├──────────────────────────────────────────────── PHPVersion:7.3.4 ┤
2019-12-02 14:56:47 └───────────────────────────────────────────────────────────────────┘
2019-12-02 14:56:47 子进程开始循环PID=675904
2019-12-02 14:56:47 用户APP找不到run方法:Yjtec\Linworker\App\Ax
2019-12-02 14:56:52 用户APP找不到run方法:Yjtec\Linworker\App\Ax
2019-12-02 14:57:44 ┌───────────────────────────── LineQue ─────────────────────────────┐
2019-12-02 14:57:44 ├───────────────────────────────────────────── LineQueVersion:1.0.0 ┤
2019-12-02 14:57:44 │感谢您选择LineWorker                                                  │
2019-12-02 14:57:44 │LineWorker是一款基于PHP的简单守护进程程序                                 │
2019-12-02 14:57:44 │需要更多帮助,请访问https://ax720.com                 │
2019-12-02 14:57:44 │─进程信息──────────────────────────────────────────────────────────│
2019-12-02 14:57:44 │─运行参数──────────────────────────────────────────────────────────│
2019-12-02 14:57:44 │Worker:Yjtec\Linworker\App\Ax,Yjtec\Linworker\App\Az               │
2019-12-02 14:57:44 │Interval:5s                                                        │
2019-12-02 14:57:44 │LogPath:F:\wsp\line\linworker\src/LineQue.log                      │
2019-12-02 14:57:44 │─配置────────────────────────────────────────────────────────│
2019-12-02 14:57:44 ├──────────────────────────────────────────────── PHPVersion:7.3.4 ┤
2019-12-02 14:57:44 └───────────────────────────────────────────────────────────────────┘
2019-12-02 14:57:44 子进程开始循环PID=807140
2019-12-02 14:57:44 用户APP找不到run方法:Yjtec\Linworker\App\Ax
2019-12-02 14:57:49 用户APP找不到run方法:Yjtec\Linworker\App\Ax
